<?xml version="1.0" encoding="UTF-8"?>
<!-- Generated by org.testng.reporters.JUnitXMLReporter -->
<testsuite ignored="0" hostname="DESKTOP-KT6A136" failures="0" tests="7" name="Default test" time="58.7" errors="0" timestamp="2021-08-17T22:28:36 IST">
  <testcase classname="udemymv.Yatra.YatraTest" name="pageTitle" time="0.051"/>
  <testcase classname="udemymv.Yatra.YatraTest" name="sourceplace" time="1.385"/>
  <testcase classname="udemymv.Yatra.YatraTest" name="destinationplace" time="0.774"/>
  <testcase classname="udemymv.Yatra.YatraTest" name="departuredate" time="0.64"/>
  <testcase classname="udemymv.Yatra.YatraTest" name="submitbutton_enabled" time="0.083"/>
  <testcase classname="udemymv.Yatra.YatraTest" name="click" time="34.558"/>
  <testcase classname="udemymv.Yatra.YatraTest" name="submitbutton" time="10.027"/>
</testsuite> <!-- Default test -->
