<?xml version="1.0" encoding="UTF-8"?>
<!-- Generated by org.testng.reporters.JUnitXMLReporter -->
<testsuite ignored="0" hostname="DESKTOP-KT6A136" failures="0" tests="7" name="Test" time="52.254" errors="0" timestamp="2021-08-17T22:30:26 IST">
  <testcase classname="udemymv.Yatra.YatraTest" name="pageTitle" time="0.038"/>
  <testcase classname="udemymv.Yatra.YatraTest" name="sourceplace" time="1.999"/>
  <testcase classname="udemymv.Yatra.YatraTest" name="destinationplace" time="0.705"/>
  <testcase classname="udemymv.Yatra.YatraTest" name="departuredate" time="0.767"/>
  <testcase classname="udemymv.Yatra.YatraTest" name="submitbutton_enabled" time="0.058"/>
  <testcase classname="udemymv.Yatra.YatraTest" name="click" time="35.116"/>
  <testcase classname="udemymv.Yatra.YatraTest" name="submitbutton" time="0.052"/>
</testsuite> <!-- Test -->
