<?xml version="1.0" encoding="UTF-8"?>
<testng-results ignored="0" total="7" passed="7" failed="0" skipped="0">
  <reporter-output>
  </reporter-output>
  <suite started-at="2021-08-17T22:29:33 IST" name="Suite" finished-at="2021-08-17T22:30:26 IST" duration-ms="52254">
    <groups>
    </groups>
    <test started-at="2021-08-17T22:29:33 IST" name="Test" finished-at="2021-08-17T22:30:26 IST" duration-ms="52254">
      <class name="udemymv.Yatra.YatraTest">
        <test-method is-config="true" signature="landingpage()[pri:0, instance:udemymv.Yatra.YatraTest@64cd705f]" started-at="2021-08-17T22:29:33 IST" name="landingpage" finished-at="2021-08-17T22:29:47 IST" duration-ms="13392" status="PASS">
          <reporter-output>
          </reporter-output>
        </test-method> <!-- landingpage -->
        <test-method signature="pageTitle()[pri:-1, instance:udemymv.Yatra.YatraTest@64cd705f]" started-at="2021-08-17T22:29:47 IST" name="pageTitle" finished-at="2021-08-17T22:29:47 IST" duration-ms="38" status="PASS">
          <reporter-output>
          </reporter-output>
        </test-method> <!-- pageTitle -->
        <test-method signature="sourceplace()[pri:0, instance:udemymv.Yatra.YatraTest@64cd705f]" started-at="2021-08-17T22:29:47 IST" name="sourceplace" finished-at="2021-08-17T22:29:49 IST" duration-ms="1999" status="PASS">
          <reporter-output>
          </reporter-output>
        </test-method> <!-- sourceplace -->
        <test-method signature="destinationplace()[pri:1, instance:udemymv.Yatra.YatraTest@64cd705f]" started-at="2021-08-17T22:29:49 IST" name="destinationplace" finished-at="2021-08-17T22:29:50 IST" duration-ms="705" status="PASS">
          <reporter-output>
          </reporter-output>
        </test-method> <!-- destinationplace -->
        <test-method signature="departuredate()[pri:2, instance:udemymv.Yatra.YatraTest@64cd705f]" started-at="2021-08-17T22:29:50 IST" name="departuredate" finished-at="2021-08-17T22:29:50 IST" duration-ms="767" status="PASS">
          <reporter-output>
          </reporter-output>
        </test-method> <!-- departuredate -->
        <test-method signature="submitbutton_enabled()[pri:3, instance:udemymv.Yatra.YatraTest@64cd705f]" started-at="2021-08-17T22:29:50 IST" name="submitbutton_enabled" finished-at="2021-08-17T22:29:50 IST" duration-ms="58" status="PASS">
          <reporter-output>
          </reporter-output>
        </test-method> <!-- submitbutton_enabled -->
        <test-method signature="click()[pri:5, instance:udemymv.Yatra.YatraTest@64cd705f]" started-at="2021-08-17T22:29:50 IST" name="click" finished-at="2021-08-17T22:30:26 IST" duration-ms="35116" status="PASS">
          <reporter-output>
          </reporter-output>
        </test-method> <!-- click -->
        <test-method signature="submitbutton()[pri:6, instance:udemymv.Yatra.YatraTest@64cd705f]" started-at="2021-08-17T22:30:26 IST" name="submitbutton" finished-at="2021-08-17T22:30:26 IST" duration-ms="52" status="PASS">
          <reporter-output>
          </reporter-output>
        </test-method> <!-- submitbutton -->
      </class> <!-- udemymv.Yatra.YatraTest -->
    </test> <!-- Test -->
  </suite> <!-- Suite -->
</testng-results>
